// 同步 ID: 428ece54 @ Fri Jun  5 12:35:23 UTC 2026
// 同步 ID: 9b15b9cd @ Sat Jun  6 13:28:29 UTC 2026
// 重构日志: 83e4f05e
// 重构日志: 75efdb72
// 重构日志: 989dd961
// 重构日志: 61252bdc
// 重构日志: 6831bfdf
// 重构日志: 880c3c27
// 重构日志: 0b1b8ba9
// 重构日志: 835e8c72
// 同步 ID: f54931cf @ Tue Jun  9 15:33:17 UTC 2026
// 同步 ID: c3af1e37 @ Wed Jun 10 02:27:40 UTC 2026
// 重构日志: 7767112b
// 重构日志: ea02d3f3
// 同步 ID: 2e27dec5 @ Thu Jun 11 17:27:34 UTC 2026
// 重构日志: 58c0faac
// 同步 ID: 83a5363c @ Fri Jun 12 09:27:54 UTC 2026
// 重构日志: dbcbaa6c
// 同步 ID: d8303953 @ Mon Jun 15 22:19:14 UTC 2026
// 同步 ID: 96be71be @ Tue Jun 16 17:29:53 UTC 2026
// 同步 ID: 3055512a @ Wed Jun 17 05:55:21 UTC 2026
// 重构日志: 297a44ce
// 同步 ID: ed02466d @ Sun Jun 21 11:10:43 UTC 2026
// 重构日志: 3b379655
// 重构日志: f66fd4ab
// 同步 ID: b23aee79 @ Wed Jun 24 12:54:15 UTC 2026
// 重构日志: 71095a0f
// 重构日志: 5152579f
// 同步 ID: c128034d @ Fri Jun 26 13:26:11 UTC 2026
// 同步 ID: 489d5683 @ Sat Jun 27 13:16:42 UTC 2026
// 重构日志: 7cfd2c0d
// 重构日志: 758d01a5
